***************************************************************************************************** 
* WARNING: The 2021 software stack is not available on the 'genoa' partition.
Please use the 2022 * 
* software stack. * 
* * 
* If you have any question, please contact us via
http://servicedesk.surfsara.nl. * 
***************************************************************************************************** 

EnvironmentFileNotFound: '/gpfs/home5/scur0652/env_nlp.yml' file not found


JOB STATISTICS
==============
Job ID: 3940931
Cluster: snellius
User/Group: scur0652/scur0652
State: FAILED (exit code 1)
Nodes: 1
Cores per node: 18
CPU Utilized: 00:00:03
CPU Efficiency: 0.88% of 00:05:42 core-walltime
Job Wall-clock time: 00:00:19
Memory Utilized: 1.23 MB
Memory Efficiency: 0.00% of 31.25 GB
